[INFO] 2025/07/30 15:37:16 logger.go:66: Starting rest-service...
[INFO] 2025/07/30 15:37:16 logger.go:66: Config loaded successfully
[INFO] 2025/07/30 15:37:16 logger.go:66: Initializing server...
[INFO] 2025/07/30 15:37:16 logger.go:66: Database connected successfully
[INFO] 2025/07/30 15:37:16 logger.go:66: Configuring authenticated routes...
[INFO] 2025/07/30 15:37:16 logger.go:66: Authenticated routes configured successfully
[INFO] 2025/07/30 15:37:16 logger.go:66: Server initialization completed
[INFO] 2025/07/30 15:37:16 logger.go:66: Rest service started on port 8090
[INFO] 2025/07/30 15:37:16 logger.go:66: Starting HTTP server on port 8090
[INFO] 2025/07/30 15:40:10 logger.go:66: Creating team 'Team 1' by user 73471884-01d5-4272-b5ec-d9602a3705a8
[INFO] 2025/07/30 15:40:10 logger.go:66: Team 'Team 1' created successfully by user 73471884-01d5-4272-b5ec-d9602a3705a8
[INFO] 2025/07/30 15:40:10 logger.go:66: [POST] /v1/teams ::1 200 39 26.7975ms 
[INFO] 2025/07/30 15:57:01 logger.go:66: Creating team 'Team 2' by user 73471884-01d5-4272-b5ec-d9602a3705a8
[INFO] 2025/07/30 15:57:01 logger.go:66: Team 'Team 2' created successfully by user 73471884-01d5-4272-b5ec-d9602a3705a8
[INFO] 2025/07/30 15:57:01 logger.go:66: [POST] /v1/teams ::1 200 39 13.3194ms 
[INFO] 2025/07/30 16:04:33 logger.go:66: Creating team 'Team 3' by user 73471884-01d5-4272-b5ec-d9602a3705a8
[INFO] 2025/07/30 16:04:33 logger.go:66: Team 'Team 3' created successfully by user 73471884-01d5-4272-b5ec-d9602a3705a8
[INFO] 2025/07/30 16:04:33 logger.go:66: [POST] /v1/teams ::1 200 39 17.4001ms 
[INFO] 2025/07/30 16:07:41 logger.go:66: Starting rest-service...
[INFO] 2025/07/30 16:07:41 logger.go:66: Config loaded successfully
[INFO] 2025/07/30 16:07:41 logger.go:66: Initializing server...
[INFO] 2025/07/30 16:07:41 logger.go:66: Database connected successfully
[INFO] 2025/07/30 16:07:41 logger.go:66: Configuring authenticated routes...
[INFO] 2025/07/30 16:07:41 logger.go:66: Authenticated routes configured successfully
[INFO] 2025/07/30 16:07:41 logger.go:66: Server initialization completed
[INFO] 2025/07/30 16:07:41 logger.go:66: Rest service started on port 8090
[INFO] 2025/07/30 16:07:41 logger.go:66: Starting HTTP server on port 8090
[INFO] 2025/07/30 16:16:29 logger.go:66: Starting rest-service...
[INFO] 2025/07/30 16:16:29 logger.go:66: Config loaded successfully
[INFO] 2025/07/30 16:16:29 logger.go:66: Initializing server...
[INFO] 2025/07/30 16:16:29 logger.go:66: Database connected successfully
[INFO] 2025/07/30 16:16:29 logger.go:66: Configuring authenticated routes...
[INFO] 2025/07/30 16:16:29 logger.go:66: Authenticated routes configured successfully
[INFO] 2025/07/30 16:16:29 logger.go:66: Server initialization completed
[INFO] 2025/07/30 16:16:29 logger.go:66: Rest service started on port 8090
[INFO] 2025/07/30 16:16:29 logger.go:66: Starting HTTP server on port 8090
[INFO] 2025/07/30 16:18:37 logger.go:66: Creating team 'Team 1' by user 21024df3-85ef-4b39-8f6b-9ce2c6b517ec
[INFO] 2025/07/30 16:18:37 logger.go:66: Team 'Team 1' created successfully by user 21024df3-85ef-4b39-8f6b-9ce2c6b517ec
[INFO] 2025/07/30 16:18:37 logger.go:66: [POST] /v1/teams ::1 200 39 23.3242ms 
Wed, Jul 30, 2025  4:31:47 PM: [INFO] Rest service starting...
Wed, Jul 30, 2025  4:31:47 PM: [INFO] HTTP server started on port 8090
[INFO] 2025/07/30 17:18:32 logger.go:66: Starting HTTP server on port 8090
[INFO] 2025/07/30 17:24:43 logger.go:66: Team 'Team 1' created successfully by user f8071ea3-c209-4bc0-b892-2ed72cc9eb7a
[INFO] 2025/07/30 17:24:43 logger.go:66: [POST] /v1/teams ::1 200 39 22.243ms 
